<?xml version="1.0" encoding="UTF-8"?>
<!-- Generated by org.testng.reporters.JUnitReportReporter -->
<testsuite hostname="DESKTOP-OS5TPNM" failures="0" tests="1" name="BasicTesting.Responsive_Testing" time="87.014" errors="0" timestamp="2023-03-16T13:19:47 IST" skipped="0">
  <testcase classname="BasicTesting.Responsive_Testing" name="mhrcm_Ui_test" time="87.014"/>
  <system-out/>
</testsuite> <!-- BasicTesting.Responsive_Testing -->
