<?xml version="1.0" encoding="UTF-8"?>
<!-- Generated by org.testng.reporters.JUnitReportReporter -->
<testsuite hostname="DESKTOP-OS5TPNM" failures="0" tests="2" name="BasicTesting.Responsive_Testing" time="148.830" errors="0" timestamp="2023-02-01T18:30:17 IST" skipped="0">
  <testcase classname="BasicTesting.Responsive_Testing" name="mhrcm_Ui_test" time="77.517"/>
  <system-out/>
  <testcase classname="BasicTesting.Responsive_Testing" name="mhrcm_Ui_test" time="71.313"/>
  <system-out/>
</testsuite> <!-- BasicTesting.Responsive_Testing -->
